!SESSION 2022-02-18 08:59:01.749 -----------------------------------------------
eclipse.buildId=unknown
java.fullversion=8.0.5.41 - pxa6480sr5fp41-20190919_01(SR5 FP41)
JRE 1.8.0 Linux amd64-64-Bit Compressed References 20190911_427071 (JIT enabled, AOT enabled)
OpenJ9   - d581d49
OMR      - ca4db84
IBM      - 5cfdf9c
BootLoader constants: OS=linux, ARCH=x86_64, WS=gtk, NL=fr_FR
Command-line arguments:  -clean -nl fr_FR -configuration /home/margauxschmied/Documents/Advanced-methods-PPC-PL1/.metadata/workspace_oplrun

!ENTRY ilog.odms.ide.opllang.remote 1 0 2022-02-18 08:59:01.754
!MESSAGE Run Configuration 1 in /home/margauxschmied/Documents/Advanced-methods-PPC-PL1/TP2
!SESSION 2022-02-18 09:00:13.652 -----------------------------------------------
eclipse.buildId=unknown
java.fullversion=8.0.5.41 - pxa6480sr5fp41-20190919_01(SR5 FP41)
JRE 1.8.0 Linux amd64-64-Bit Compressed References 20190911_427071 (JIT enabled, AOT enabled)
OpenJ9   - d581d49
OMR      - ca4db84
IBM      - 5cfdf9c
BootLoader constants: OS=linux, ARCH=x86_64, WS=gtk, NL=fr_FR
Command-line arguments:  -clean -nl fr_FR -configuration /home/margauxschmied/Documents/Advanced-methods-PPC-PL1/.metadata/workspace_oplrun

!ENTRY ilog.odms.ide.opllang.remote 1 0 2022-02-18 09:00:13.657
!MESSAGE Run Configuration 1 in /home/margauxschmied/Documents/Advanced-methods-PPC-PL1/TP2
!SESSION 2022-02-18 09:01:25.514 -----------------------------------------------
eclipse.buildId=unknown
java.fullversion=8.0.5.41 - pxa6480sr5fp41-20190919_01(SR5 FP41)
JRE 1.8.0 Linux amd64-64-Bit Compressed References 20190911_427071 (JIT enabled, AOT enabled)
OpenJ9   - d581d49
OMR      - ca4db84
IBM      - 5cfdf9c
BootLoader constants: OS=linux, ARCH=x86_64, WS=gtk, NL=fr_FR
Command-line arguments:  -clean -nl fr_FR -configuration /home/margauxschmied/Documents/Advanced-methods-PPC-PL1/.metadata/workspace_oplrun

!ENTRY ilog.odms.ide.opllang.remote 1 0 2022-02-18 09:01:25.519
!MESSAGE Run Configuration 1 in /home/margauxschmied/Documents/Advanced-methods-PPC-PL1/TP2
!SESSION 2022-02-18 09:02:05.266 -----------------------------------------------
eclipse.buildId=unknown
java.fullversion=8.0.5.41 - pxa6480sr5fp41-20190919_01(SR5 FP41)
JRE 1.8.0 Linux amd64-64-Bit Compressed References 20190911_427071 (JIT enabled, AOT enabled)
OpenJ9   - d581d49
OMR      - ca4db84
IBM      - 5cfdf9c
BootLoader constants: OS=linux, ARCH=x86_64, WS=gtk, NL=fr_FR
Command-line arguments:  -clean -nl fr_FR -configuration /home/margauxschmied/Documents/Advanced-methods-PPC-PL1/.metadata/workspace_oplrun

!ENTRY ilog.odms.ide.opllang.remote 1 0 2022-02-18 09:02:05.273
!MESSAGE Run Configuration 1 in /home/margauxschmied/Documents/Advanced-methods-PPC-PL1/TP2
!SESSION 2022-02-18 09:02:56.073 -----------------------------------------------
eclipse.buildId=unknown
java.fullversion=8.0.5.41 - pxa6480sr5fp41-20190919_01(SR5 FP41)
JRE 1.8.0 Linux amd64-64-Bit Compressed References 20190911_427071 (JIT enabled, AOT enabled)
OpenJ9   - d581d49
OMR      - ca4db84
IBM      - 5cfdf9c
BootLoader constants: OS=linux, ARCH=x86_64, WS=gtk, NL=fr_FR
Command-line arguments:  -clean -nl fr_FR -configuration /home/margauxschmied/Documents/Advanced-methods-PPC-PL1/.metadata/workspace_oplrun

!ENTRY ilog.odms.ide.opllang.remote 1 0 2022-02-18 09:02:56.078
!MESSAGE Run Configuration 1 in /home/margauxschmied/Documents/Advanced-methods-PPC-PL1/TP2
!SESSION 2022-02-18 09:03:18.829 -----------------------------------------------
eclipse.buildId=unknown
java.fullversion=8.0.5.41 - pxa6480sr5fp41-20190919_01(SR5 FP41)
JRE 1.8.0 Linux amd64-64-Bit Compressed References 20190911_427071 (JIT enabled, AOT enabled)
OpenJ9   - d581d49
OMR      - ca4db84
IBM      - 5cfdf9c
BootLoader constants: OS=linux, ARCH=x86_64, WS=gtk, NL=fr_FR
Command-line arguments:  -clean -nl fr_FR -configuration /home/margauxschmied/Documents/Advanced-methods-PPC-PL1/.metadata/workspace_oplrun

!ENTRY ilog.odms.ide.opllang.remote 1 0 2022-02-18 09:03:18.834
!MESSAGE Run Configuration 1 in /home/margauxschmied/Documents/Advanced-methods-PPC-PL1/TP2
!SESSION 2022-02-18 09:03:29.366 -----------------------------------------------
eclipse.buildId=unknown
java.fullversion=8.0.5.41 - pxa6480sr5fp41-20190919_01(SR5 FP41)
JRE 1.8.0 Linux amd64-64-Bit Compressed References 20190911_427071 (JIT enabled, AOT enabled)
OpenJ9   - d581d49
OMR      - ca4db84
IBM      - 5cfdf9c
BootLoader constants: OS=linux, ARCH=x86_64, WS=gtk, NL=fr_FR
Command-line arguments:  -clean -nl fr_FR -configuration /home/margauxschmied/Documents/Advanced-methods-PPC-PL1/.metadata/workspace_oplrun

!ENTRY ilog.odms.ide.opllang.remote 1 0 2022-02-18 09:03:29.371
!MESSAGE Run Configuration 1 in /home/margauxschmied/Documents/Advanced-methods-PPC-PL1/TP2
!SESSION 2022-02-18 09:03:42.218 -----------------------------------------------
eclipse.buildId=unknown
java.fullversion=8.0.5.41 - pxa6480sr5fp41-20190919_01(SR5 FP41)
JRE 1.8.0 Linux amd64-64-Bit Compressed References 20190911_427071 (JIT enabled, AOT enabled)
OpenJ9   - d581d49
OMR      - ca4db84
IBM      - 5cfdf9c
BootLoader constants: OS=linux, ARCH=x86_64, WS=gtk, NL=fr_FR
Command-line arguments:  -clean -nl fr_FR -configuration /home/margauxschmied/Documents/Advanced-methods-PPC-PL1/.metadata/workspace_oplrun

!ENTRY ilog.odms.ide.opllang.remote 1 0 2022-02-18 09:03:42.225
!MESSAGE Run Configuration 1 in /home/margauxschmied/Documents/Advanced-methods-PPC-PL1/TP2
!SESSION 2022-02-18 10:10:25.663 -----------------------------------------------
eclipse.buildId=unknown
java.fullversion=8.0.5.41 - pxa6480sr5fp41-20190919_01(SR5 FP41)
JRE 1.8.0 Linux amd64-64-Bit Compressed References 20190911_427071 (JIT enabled, AOT enabled)
OpenJ9   - d581d49
OMR      - ca4db84
IBM      - 5cfdf9c
BootLoader constants: OS=linux, ARCH=x86_64, WS=gtk, NL=fr_FR
Command-line arguments:  -clean -nl fr_FR -configuration /home/margauxschmied/Documents/Advanced-methods-PPC-PL1/.metadata/workspace_oplrun

!ENTRY ilog.odms.ide.opllang.remote 1 0 2022-02-18 10:10:25.668
!MESSAGE Run Configuration 1 in /home/margauxschmied/Documents/Advanced-methods-PPC-PL1/TP2
!SESSION 2022-02-18 10:14:49.823 -----------------------------------------------
eclipse.buildId=unknown
java.fullversion=8.0.5.41 - pxa6480sr5fp41-20190919_01(SR5 FP41)
JRE 1.8.0 Linux amd64-64-Bit Compressed References 20190911_427071 (JIT enabled, AOT enabled)
OpenJ9   - d581d49
OMR      - ca4db84
IBM      - 5cfdf9c
BootLoader constants: OS=linux, ARCH=x86_64, WS=gtk, NL=fr_FR
Command-line arguments:  -clean -nl fr_FR -configuration /home/margauxschmied/Documents/Advanced-methods-PPC-PL1/.metadata/workspace_oplrun

!ENTRY ilog.odms.ide.opllang.remote 1 0 2022-02-18 10:14:49.828
!MESSAGE Run Configuration 1 in /home/margauxschmied/Documents/Advanced-methods-PPC-PL1/TP2
!SESSION 2022-02-18 10:16:37.965 -----------------------------------------------
eclipse.buildId=unknown
java.fullversion=8.0.5.41 - pxa6480sr5fp41-20190919_01(SR5 FP41)
JRE 1.8.0 Linux amd64-64-Bit Compressed References 20190911_427071 (JIT enabled, AOT enabled)
OpenJ9   - d581d49
OMR      - ca4db84
IBM      - 5cfdf9c
BootLoader constants: OS=linux, ARCH=x86_64, WS=gtk, NL=fr_FR
Command-line arguments:  -clean -nl fr_FR -configuration /home/margauxschmied/Documents/Advanced-methods-PPC-PL1/.metadata/workspace_oplrun

!ENTRY ilog.odms.ide.opllang.remote 1 0 2022-02-18 10:16:37.970
!MESSAGE Run Configuration 1 in /home/margauxschmied/Documents/Advanced-methods-PPC-PL1/TP2
!SESSION 2022-02-18 10:17:14.792 -----------------------------------------------
eclipse.buildId=unknown
java.fullversion=8.0.5.41 - pxa6480sr5fp41-20190919_01(SR5 FP41)
JRE 1.8.0 Linux amd64-64-Bit Compressed References 20190911_427071 (JIT enabled, AOT enabled)
OpenJ9   - d581d49
OMR      - ca4db84
IBM      - 5cfdf9c
BootLoader constants: OS=linux, ARCH=x86_64, WS=gtk, NL=fr_FR
Command-line arguments:  -clean -nl fr_FR -configuration /home/margauxschmied/Documents/Advanced-methods-PPC-PL1/.metadata/workspace_oplrun

!ENTRY ilog.odms.ide.opllang.remote 1 0 2022-02-18 10:17:14.797
!MESSAGE Run Configuration 1 in /home/margauxschmied/Documents/Advanced-methods-PPC-PL1/TP2
!SESSION 2022-02-18 10:46:23.559 -----------------------------------------------
eclipse.buildId=unknown
java.fullversion=8.0.5.41 - pxa6480sr5fp41-20190919_01(SR5 FP41)
JRE 1.8.0 Linux amd64-64-Bit Compressed References 20190911_427071 (JIT enabled, AOT enabled)
OpenJ9   - d581d49
OMR      - ca4db84
IBM      - 5cfdf9c
BootLoader constants: OS=linux, ARCH=x86_64, WS=gtk, NL=fr_FR
Command-line arguments:  -clean -nl fr_FR -configuration /home/margauxschmied/Documents/Advanced-methods-PPC-PL1/.metadata/workspace_oplrun

!ENTRY ilog.odms.ide.opllang.remote 1 0 2022-02-18 10:46:23.567
!MESSAGE Run Configuration 1 in /home/margauxschmied/opl/TP3
!SESSION 2022-02-18 10:47:26.766 -----------------------------------------------
eclipse.buildId=unknown
java.fullversion=8.0.5.41 - pxa6480sr5fp41-20190919_01(SR5 FP41)
JRE 1.8.0 Linux amd64-64-Bit Compressed References 20190911_427071 (JIT enabled, AOT enabled)
OpenJ9   - d581d49
OMR      - ca4db84
IBM      - 5cfdf9c
BootLoader constants: OS=linux, ARCH=x86_64, WS=gtk, NL=fr_FR
Command-line arguments:  -clean -nl fr_FR -configuration /home/margauxschmied/Documents/Advanced-methods-PPC-PL1/.metadata/workspace_oplrun

!ENTRY ilog.odms.ide.opllang.remote 1 0 2022-02-18 10:47:26.771
!MESSAGE Run Configuration 1 in /home/margauxschmied/opl/TP3
!SESSION 2022-02-18 10:51:15.326 -----------------------------------------------
eclipse.buildId=unknown
java.fullversion=8.0.5.41 - pxa6480sr5fp41-20190919_01(SR5 FP41)
JRE 1.8.0 Linux amd64-64-Bit Compressed References 20190911_427071 (JIT enabled, AOT enabled)
OpenJ9   - d581d49
OMR      - ca4db84
IBM      - 5cfdf9c
BootLoader constants: OS=linux, ARCH=x86_64, WS=gtk, NL=fr_FR
Command-line arguments:  -clean -nl fr_FR -configuration /home/margauxschmied/Documents/Advanced-methods-PPC-PL1/.metadata/workspace_oplrun

!ENTRY ilog.odms.ide.opllang.remote 1 0 2022-02-18 10:51:15.331
!MESSAGE Run Configuration 1 in /home/margauxschmied/opl/TP3
!SESSION 2022-02-18 10:53:25.352 -----------------------------------------------
eclipse.buildId=unknown
java.fullversion=8.0.5.41 - pxa6480sr5fp41-20190919_01(SR5 FP41)
JRE 1.8.0 Linux amd64-64-Bit Compressed References 20190911_427071 (JIT enabled, AOT enabled)
OpenJ9   - d581d49
OMR      - ca4db84
IBM      - 5cfdf9c
BootLoader constants: OS=linux, ARCH=x86_64, WS=gtk, NL=fr_FR
Command-line arguments:  -clean -nl fr_FR -configuration /home/margauxschmied/Documents/Advanced-methods-PPC-PL1/.metadata/workspace_oplrun

!ENTRY ilog.odms.ide.opllang.remote 1 0 2022-02-18 10:53:25.357
!MESSAGE Run Configuration 1 in /home/margauxschmied/opl/TP3
!SESSION 2022-02-18 10:53:55.061 -----------------------------------------------
eclipse.buildId=unknown
java.fullversion=8.0.5.41 - pxa6480sr5fp41-20190919_01(SR5 FP41)
JRE 1.8.0 Linux amd64-64-Bit Compressed References 20190911_427071 (JIT enabled, AOT enabled)
OpenJ9   - d581d49
OMR      - ca4db84
IBM      - 5cfdf9c
BootLoader constants: OS=linux, ARCH=x86_64, WS=gtk, NL=fr_FR
Command-line arguments:  -clean -nl fr_FR -configuration /home/margauxschmied/Documents/Advanced-methods-PPC-PL1/.metadata/workspace_oplrun

!ENTRY ilog.odms.ide.opllang.remote 1 0 2022-02-18 10:53:55.066
!MESSAGE Run Configuration 1 in /home/margauxschmied/opl/TP3
!SESSION 2022-02-18 10:54:25.649 -----------------------------------------------
eclipse.buildId=unknown
java.fullversion=8.0.5.41 - pxa6480sr5fp41-20190919_01(SR5 FP41)
JRE 1.8.0 Linux amd64-64-Bit Compressed References 20190911_427071 (JIT enabled, AOT enabled)
OpenJ9   - d581d49
OMR      - ca4db84
IBM      - 5cfdf9c
BootLoader constants: OS=linux, ARCH=x86_64, WS=gtk, NL=fr_FR
Command-line arguments:  -clean -nl fr_FR -configuration /home/margauxschmied/Documents/Advanced-methods-PPC-PL1/.metadata/workspace_oplrun

!ENTRY ilog.odms.ide.opllang.remote 1 0 2022-02-18 10:54:25.654
!MESSAGE Run Configuration 1 in /home/margauxschmied/opl/TP3
!SESSION 2022-02-18 10:55:49.065 -----------------------------------------------
eclipse.buildId=unknown
java.fullversion=8.0.5.41 - pxa6480sr5fp41-20190919_01(SR5 FP41)
JRE 1.8.0 Linux amd64-64-Bit Compressed References 20190911_427071 (JIT enabled, AOT enabled)
OpenJ9   - d581d49
OMR      - ca4db84
IBM      - 5cfdf9c
BootLoader constants: OS=linux, ARCH=x86_64, WS=gtk, NL=fr_FR
Command-line arguments:  -clean -nl fr_FR -configuration /home/margauxschmied/Documents/Advanced-methods-PPC-PL1/.metadata/workspace_oplrun

!ENTRY ilog.odms.ide.opllang.remote 1 0 2022-02-18 10:55:49.070
!MESSAGE Run Configuration 1 in /home/margauxschmied/opl/TP3
!SESSION 2022-02-18 10:56:11.885 -----------------------------------------------
eclipse.buildId=unknown
java.fullversion=8.0.5.41 - pxa6480sr5fp41-20190919_01(SR5 FP41)
JRE 1.8.0 Linux amd64-64-Bit Compressed References 20190911_427071 (JIT enabled, AOT enabled)
OpenJ9   - d581d49
OMR      - ca4db84
IBM      - 5cfdf9c
BootLoader constants: OS=linux, ARCH=x86_64, WS=gtk, NL=fr_FR
Command-line arguments:  -clean -nl fr_FR -configuration /home/margauxschmied/Documents/Advanced-methods-PPC-PL1/.metadata/workspace_oplrun

!ENTRY ilog.odms.ide.opllang.remote 1 0 2022-02-18 10:56:11.890
!MESSAGE Run Configuration 1 in /home/margauxschmied/opl/TP3
!SESSION 2022-02-18 10:56:26.555 -----------------------------------------------
eclipse.buildId=unknown
java.fullversion=8.0.5.41 - pxa6480sr5fp41-20190919_01(SR5 FP41)
JRE 1.8.0 Linux amd64-64-Bit Compressed References 20190911_427071 (JIT enabled, AOT enabled)
OpenJ9   - d581d49
OMR      - ca4db84
IBM      - 5cfdf9c
BootLoader constants: OS=linux, ARCH=x86_64, WS=gtk, NL=fr_FR
Command-line arguments:  -clean -nl fr_FR -configuration /home/margauxschmied/Documents/Advanced-methods-PPC-PL1/.metadata/workspace_oplrun

!ENTRY ilog.odms.ide.opllang.remote 1 0 2022-02-18 10:56:26.560
!MESSAGE Run Configuration 1 in /home/margauxschmied/opl/TP3
!SESSION 2022-02-18 10:57:59.888 -----------------------------------------------
eclipse.buildId=unknown
java.fullversion=8.0.5.41 - pxa6480sr5fp41-20190919_01(SR5 FP41)
JRE 1.8.0 Linux amd64-64-Bit Compressed References 20190911_427071 (JIT enabled, AOT enabled)
OpenJ9   - d581d49
OMR      - ca4db84
IBM      - 5cfdf9c
BootLoader constants: OS=linux, ARCH=x86_64, WS=gtk, NL=fr_FR
Command-line arguments:  -clean -nl fr_FR -configuration /home/margauxschmied/Documents/Advanced-methods-PPC-PL1/.metadata/workspace_oplrun

!ENTRY ilog.odms.ide.opllang.remote 1 0 2022-02-18 10:57:59.893
!MESSAGE Run Configuration 1 in /home/margauxschmied/opl/TP3
!SESSION 2022-02-18 11:03:21.086 -----------------------------------------------
eclipse.buildId=unknown
java.fullversion=8.0.5.41 - pxa6480sr5fp41-20190919_01(SR5 FP41)
JRE 1.8.0 Linux amd64-64-Bit Compressed References 20190911_427071 (JIT enabled, AOT enabled)
OpenJ9   - d581d49
OMR      - ca4db84
IBM      - 5cfdf9c
BootLoader constants: OS=linux, ARCH=x86_64, WS=gtk, NL=fr_FR
Command-line arguments:  -clean -nl fr_FR -configuration /home/margauxschmied/Documents/Advanced-methods-PPC-PL1/.metadata/workspace_oplrun

!ENTRY ilog.odms.ide.opllang.remote 1 0 2022-02-18 11:03:21.092
!MESSAGE Run Configuration 2 in /home/margauxschmied/opl/TP3
!SESSION 2022-02-18 11:16:55.497 -----------------------------------------------
eclipse.buildId=unknown
java.fullversion=8.0.5.41 - pxa6480sr5fp41-20190919_01(SR5 FP41)
JRE 1.8.0 Linux amd64-64-Bit Compressed References 20190911_427071 (JIT enabled, AOT enabled)
OpenJ9   - d581d49
OMR      - ca4db84
IBM      - 5cfdf9c
BootLoader constants: OS=linux, ARCH=x86_64, WS=gtk, NL=fr_FR
Command-line arguments:  -clean -nl fr_FR -configuration /home/margauxschmied/Documents/Advanced-methods-PPC-PL1/.metadata/workspace_oplrun

!ENTRY ilog.odms.ide.opllang.remote 1 0 2022-02-18 11:16:55.502
!MESSAGE Run Configuration 1 in /home/margauxschmied/opl/TP3
!SESSION 2022-02-18 11:17:05.081 -----------------------------------------------
eclipse.buildId=unknown
java.fullversion=8.0.5.41 - pxa6480sr5fp41-20190919_01(SR5 FP41)
JRE 1.8.0 Linux amd64-64-Bit Compressed References 20190911_427071 (JIT enabled, AOT enabled)
OpenJ9   - d581d49
OMR      - ca4db84
IBM      - 5cfdf9c
BootLoader constants: OS=linux, ARCH=x86_64, WS=gtk, NL=fr_FR
Command-line arguments:  -clean -nl fr_FR -configuration /home/margauxschmied/Documents/Advanced-methods-PPC-PL1/.metadata/workspace_oplrun

!ENTRY ilog.odms.ide.opllang.remote 1 0 2022-02-18 11:17:05.088
!MESSAGE Run Configuration 2 in /home/margauxschmied/opl/TP3
!SESSION 2022-02-18 11:18:37.044 -----------------------------------------------
eclipse.buildId=unknown
java.fullversion=8.0.5.41 - pxa6480sr5fp41-20190919_01(SR5 FP41)
JRE 1.8.0 Linux amd64-64-Bit Compressed References 20190911_427071 (JIT enabled, AOT enabled)
OpenJ9   - d581d49
OMR      - ca4db84
IBM      - 5cfdf9c
BootLoader constants: OS=linux, ARCH=x86_64, WS=gtk, NL=fr_FR
Command-line arguments:  -clean -nl fr_FR -configuration /home/margauxschmied/Documents/Advanced-methods-PPC-PL1/.metadata/workspace_oplrun

!ENTRY ilog.odms.ide.opllang.remote 1 0 2022-02-18 11:18:37.049
!MESSAGE Run Configuration 2 in /home/margauxschmied/opl/TP3
!SESSION 2022-02-18 11:31:42.681 -----------------------------------------------
eclipse.buildId=unknown
java.fullversion=8.0.5.41 - pxa6480sr5fp41-20190919_01(SR5 FP41)
JRE 1.8.0 Linux amd64-64-Bit Compressed References 20190911_427071 (JIT enabled, AOT enabled)
OpenJ9   - d581d49
OMR      - ca4db84
IBM      - 5cfdf9c
BootLoader constants: OS=linux, ARCH=x86_64, WS=gtk, NL=fr_FR
Command-line arguments:  -clean -nl fr_FR -configuration /home/margauxschmied/Documents/Advanced-methods-PPC-PL1/.metadata/workspace_oplrun

!ENTRY ilog.odms.ide.opllang.remote 1 0 2022-02-18 11:31:42.685
!MESSAGE Run Configuration 1 in /home/margauxschmied/Documents/Advanced-methods-PPC-PL1/TP2
!SESSION 2022-02-18 11:34:00.352 -----------------------------------------------
eclipse.buildId=unknown
java.fullversion=8.0.5.41 - pxa6480sr5fp41-20190919_01(SR5 FP41)
JRE 1.8.0 Linux amd64-64-Bit Compressed References 20190911_427071 (JIT enabled, AOT enabled)
OpenJ9   - d581d49
OMR      - ca4db84
IBM      - 5cfdf9c
BootLoader constants: OS=linux, ARCH=x86_64, WS=gtk, NL=fr_FR
Command-line arguments:  -clean -nl fr_FR -configuration /home/margauxschmied/Documents/Advanced-methods-PPC-PL1/.metadata/workspace_oplrun

!ENTRY ilog.odms.ide.opllang.remote 1 0 2022-02-18 11:34:00.357
!MESSAGE Run Configuration 1 in /home/margauxschmied/Documents/Advanced-methods-PPC-PL1/TP2
!SESSION 2022-02-18 11:35:27.633 -----------------------------------------------
eclipse.buildId=unknown
java.fullversion=8.0.5.41 - pxa6480sr5fp41-20190919_01(SR5 FP41)
JRE 1.8.0 Linux amd64-64-Bit Compressed References 20190911_427071 (JIT enabled, AOT enabled)
OpenJ9   - d581d49
OMR      - ca4db84
IBM      - 5cfdf9c
BootLoader constants: OS=linux, ARCH=x86_64, WS=gtk, NL=fr_FR
Command-line arguments:  -clean -nl fr_FR -configuration /home/margauxschmied/Documents/Advanced-methods-PPC-PL1/.metadata/workspace_oplrun

!ENTRY ilog.odms.ide.opllang.remote 1 0 2022-02-18 11:35:27.638
!MESSAGE Run Configuration 1 in /home/margauxschmied/Documents/Advanced-methods-PPC-PL1/TP2
!SESSION 2022-02-18 11:40:51.277 -----------------------------------------------
eclipse.buildId=unknown
java.fullversion=8.0.5.41 - pxa6480sr5fp41-20190919_01(SR5 FP41)
JRE 1.8.0 Linux amd64-64-Bit Compressed References 20190911_427071 (JIT enabled, AOT enabled)
OpenJ9   - d581d49
OMR      - ca4db84
IBM      - 5cfdf9c
BootLoader constants: OS=linux, ARCH=x86_64, WS=gtk, NL=fr_FR
Command-line arguments:  -clean -nl fr_FR -configuration /home/margauxschmied/Documents/Advanced-methods-PPC-PL1/.metadata/workspace_oplrun

!ENTRY ilog.odms.ide.opllang.remote 1 0 2022-02-18 11:40:51.282
!MESSAGE Run Configuration 2 in /home/margauxschmied/opl/TP3

!ENTRY ilog.odms.ide.opllang.remote 4 0 2022-02-18 11:40:51.346
!MESSAGE load failed
!STACK 1
org.eclipse.core.runtime.CoreException: load failed
	at ilog.odms.ide.opllang.remote.IloOplRunConfigRunner.doSetUpModel(IloOplRunConfigRunner.java:146)
	at ilog.odms.ide.opllang.remote.IloOplRunConfigRunner.doRun(IloOplRunConfigRunner.java:374)
	at ilog.odms.ide.opllang.run.IloAbstractRunShell$2.run(IloAbstractRunShell.java:1605)
	at org.eclipse.core.internal.jobs.Worker.run(Worker.java:56)
Caused by: ilog.concert.IloException: Impossible de charger le modèle.
	at ilog.opl.opl_lang_wrapJNI.IloOplRunConfiguration_getCppOplModel(Native Method)
	at ilog.opl.IloOplRunConfiguration.getCppOplModel(IloOplRunConfiguration.java:226)
	at ilog.opl.IloOplRunConfiguration.getOplModel(IloOplRunConfiguration.java:116)
	at ilog.odms.ide.opllang.remote.IloOplRunConfigRunner.doSetUpModel(IloOplRunConfigRunner.java:140)
	... 3 more
!SUBENTRY 1 ilog.odms.ide.opllang.remote 4 0 2022-02-18 11:40:51.347
!MESSAGE load failed
!STACK 0
ilog.concert.IloException: Impossible de charger le modèle.
	at ilog.opl.opl_lang_wrapJNI.IloOplRunConfiguration_getCppOplModel(Native Method)
	at ilog.opl.IloOplRunConfiguration.getCppOplModel(IloOplRunConfiguration.java:226)
	at ilog.opl.IloOplRunConfiguration.getOplModel(IloOplRunConfiguration.java:116)
	at ilog.odms.ide.opllang.remote.IloOplRunConfigRunner.doSetUpModel(IloOplRunConfigRunner.java:140)
	at ilog.odms.ide.opllang.remote.IloOplRunConfigRunner.doRun(IloOplRunConfigRunner.java:374)
	at ilog.odms.ide.opllang.run.IloAbstractRunShell$2.run(IloAbstractRunShell.java:1605)
	at org.eclipse.core.internal.jobs.Worker.run(Worker.java:56)
!SESSION 2022-02-18 12:22:59.835 -----------------------------------------------
eclipse.buildId=unknown
java.fullversion=8.0.5.41 - pxa6480sr5fp41-20190919_01(SR5 FP41)
JRE 1.8.0 Linux amd64-64-Bit Compressed References 20190911_427071 (JIT enabled, AOT enabled)
OpenJ9   - d581d49
OMR      - ca4db84
IBM      - 5cfdf9c
BootLoader constants: OS=linux, ARCH=x86_64, WS=gtk, NL=fr_FR
Command-line arguments:  -clean -nl fr_FR -configuration /home/margauxschmied/Documents/Advanced-methods-PPC-PL1/.metadata/workspace_oplrun

!ENTRY ilog.odms.ide.opllang.remote 1 0 2022-02-18 12:22:59.840
!MESSAGE Run Configuration 2 in /home/margauxschmied/opl/TP3
!SESSION 2022-02-18 12:55:48.645 -----------------------------------------------
eclipse.buildId=unknown
java.fullversion=8.0.5.41 - pxa6480sr5fp41-20190919_01(SR5 FP41)
JRE 1.8.0 Linux amd64-64-Bit Compressed References 20190911_427071 (JIT enabled, AOT enabled)
OpenJ9   - d581d49
OMR      - ca4db84
IBM      - 5cfdf9c
BootLoader constants: OS=linux, ARCH=x86_64, WS=gtk, NL=fr_FR
Command-line arguments:  -clean -nl fr_FR -configuration /home/margauxschmied/Documents/Advanced-methods-PPC-PL1/.metadata/workspace_oplrun

!ENTRY ilog.odms.ide.opllang.remote 1 0 2022-02-18 12:55:48.650
!MESSAGE Run Configuration 3 in /home/margauxschmied/opl/TP3

!ENTRY ilog.odms.ide.opllang.remote 4 0 2022-02-18 12:55:48.723
!MESSAGE load failed
!STACK 1
org.eclipse.core.runtime.CoreException: load failed
	at ilog.odms.ide.opllang.remote.IloOplRunConfigRunner.doSetUpModel(IloOplRunConfigRunner.java:146)
	at ilog.odms.ide.opllang.remote.IloOplRunConfigRunner.doRun(IloOplRunConfigRunner.java:374)
	at ilog.odms.ide.opllang.run.IloAbstractRunShell$2.run(IloAbstractRunShell.java:1605)
	at org.eclipse.core.internal.jobs.Worker.run(Worker.java:56)
Caused by: ilog.concert.IloException: Impossible de charger le modèle.
	at ilog.opl.opl_lang_wrapJNI.IloOplRunConfiguration_getCppOplModel(Native Method)
	at ilog.opl.IloOplRunConfiguration.getCppOplModel(IloOplRunConfiguration.java:226)
	at ilog.opl.IloOplRunConfiguration.getOplModel(IloOplRunConfiguration.java:116)
	at ilog.odms.ide.opllang.remote.IloOplRunConfigRunner.doSetUpModel(IloOplRunConfigRunner.java:140)
	... 3 more
!SUBENTRY 1 ilog.odms.ide.opllang.remote 4 0 2022-02-18 12:55:48.724
!MESSAGE load failed
!STACK 0
ilog.concert.IloException: Impossible de charger le modèle.
	at ilog.opl.opl_lang_wrapJNI.IloOplRunConfiguration_getCppOplModel(Native Method)
	at ilog.opl.IloOplRunConfiguration.getCppOplModel(IloOplRunConfiguration.java:226)
	at ilog.opl.IloOplRunConfiguration.getOplModel(IloOplRunConfiguration.java:116)
	at ilog.odms.ide.opllang.remote.IloOplRunConfigRunner.doSetUpModel(IloOplRunConfigRunner.java:140)
	at ilog.odms.ide.opllang.remote.IloOplRunConfigRunner.doRun(IloOplRunConfigRunner.java:374)
	at ilog.odms.ide.opllang.run.IloAbstractRunShell$2.run(IloAbstractRunShell.java:1605)
	at org.eclipse.core.internal.jobs.Worker.run(Worker.java:56)
!SESSION 2022-02-18 12:56:32.729 -----------------------------------------------
eclipse.buildId=unknown
java.fullversion=8.0.5.41 - pxa6480sr5fp41-20190919_01(SR5 FP41)
JRE 1.8.0 Linux amd64-64-Bit Compressed References 20190911_427071 (JIT enabled, AOT enabled)
OpenJ9   - d581d49
OMR      - ca4db84
IBM      - 5cfdf9c
BootLoader constants: OS=linux, ARCH=x86_64, WS=gtk, NL=fr_FR
Command-line arguments:  -clean -nl fr_FR -configuration /home/margauxschmied/Documents/Advanced-methods-PPC-PL1/.metadata/workspace_oplrun

!ENTRY ilog.odms.ide.opllang.remote 1 0 2022-02-18 12:56:32.734
!MESSAGE Run Configuration 3 in /home/margauxschmied/opl/TP3

!ENTRY ilog.odms.ide.opllang.remote 4 0 2022-02-18 12:56:32.813
!MESSAGE run failed
!STACK 0
ilog.concert.IloException: Echec du traitement.
	at ilog.opl.opl_lang_wrapJNI.IloOplModel_getModel(Native Method)
	at ilog.opl.IloOplModel.getModel(IloOplModel.java:562)
	at ilog.odms.ide.opllang.run.IloAbstractRunShell.loadModel(IloAbstractRunShell.java:1215)
	at ilog.odms.ide.opllang.remote.IloOplRunConfigRunner.doProcessModel(IloOplRunConfigRunner.java:156)
	at ilog.odms.ide.opllang.remote.IloOplRunConfigRunner.doRun(IloOplRunConfigRunner.java:377)
	at ilog.odms.ide.opllang.run.IloAbstractRunShell$2.run(IloAbstractRunShell.java:1605)
	at org.eclipse.core.internal.jobs.Worker.run(Worker.java:56)
!SESSION 2022-02-18 12:57:02.699 -----------------------------------------------
eclipse.buildId=unknown
java.fullversion=8.0.5.41 - pxa6480sr5fp41-20190919_01(SR5 FP41)
JRE 1.8.0 Linux amd64-64-Bit Compressed References 20190911_427071 (JIT enabled, AOT enabled)
OpenJ9   - d581d49
OMR      - ca4db84
IBM      - 5cfdf9c
BootLoader constants: OS=linux, ARCH=x86_64, WS=gtk, NL=fr_FR
Command-line arguments:  -clean -nl fr_FR -configuration /home/margauxschmied/Documents/Advanced-methods-PPC-PL1/.metadata/workspace_oplrun

!ENTRY ilog.odms.ide.opllang.remote 1 0 2022-02-18 12:57:02.704
!MESSAGE Run Configuration 3 in /home/margauxschmied/opl/TP3

!ENTRY ilog.odms.ide.opllang.remote 4 0 2022-02-18 12:57:02.788
!MESSAGE run failed
!STACK 0
ilog.concert.IloException: Echec du traitement.
	at ilog.opl.opl_lang_wrapJNI.IloOplModel_getModel(Native Method)
	at ilog.opl.IloOplModel.getModel(IloOplModel.java:562)
	at ilog.odms.ide.opllang.run.IloAbstractRunShell.loadModel(IloAbstractRunShell.java:1215)
	at ilog.odms.ide.opllang.remote.IloOplRunConfigRunner.doProcessModel(IloOplRunConfigRunner.java:156)
	at ilog.odms.ide.opllang.remote.IloOplRunConfigRunner.doRun(IloOplRunConfigRunner.java:377)
	at ilog.odms.ide.opllang.run.IloAbstractRunShell$2.run(IloAbstractRunShell.java:1605)
	at org.eclipse.core.internal.jobs.Worker.run(Worker.java:56)
!SESSION 2022-02-18 12:58:00.079 -----------------------------------------------
eclipse.buildId=unknown
java.fullversion=8.0.5.41 - pxa6480sr5fp41-20190919_01(SR5 FP41)
JRE 1.8.0 Linux amd64-64-Bit Compressed References 20190911_427071 (JIT enabled, AOT enabled)
OpenJ9   - d581d49
OMR      - ca4db84
IBM      - 5cfdf9c
BootLoader constants: OS=linux, ARCH=x86_64, WS=gtk, NL=fr_FR
Command-line arguments:  -clean -nl fr_FR -configuration /home/margauxschmied/Documents/Advanced-methods-PPC-PL1/.metadata/workspace_oplrun

!ENTRY ilog.odms.ide.opllang.remote 1 0 2022-02-18 12:58:00.084
!MESSAGE Run Configuration 3 in /home/margauxschmied/opl/TP3

!ENTRY ilog.odms.ide.opllang.remote 4 0 2022-02-18 12:58:00.130
!MESSAGE load failed
!STACK 1
org.eclipse.core.runtime.CoreException: load failed
	at ilog.odms.ide.opllang.remote.IloOplRunConfigRunner.doSetUpModel(IloOplRunConfigRunner.java:146)
	at ilog.odms.ide.opllang.remote.IloOplRunConfigRunner.doRun(IloOplRunConfigRunner.java:374)
	at ilog.odms.ide.opllang.run.IloAbstractRunShell$2.run(IloAbstractRunShell.java:1605)
	at org.eclipse.core.internal.jobs.Worker.run(Worker.java:56)
Caused by: ilog.concert.IloException: Impossible de charger le modèle.
	at ilog.opl.opl_lang_wrapJNI.IloOplRunConfiguration_getCppOplModel(Native Method)
	at ilog.opl.IloOplRunConfiguration.getCppOplModel(IloOplRunConfiguration.java:226)
	at ilog.opl.IloOplRunConfiguration.getOplModel(IloOplRunConfiguration.java:116)
	at ilog.odms.ide.opllang.remote.IloOplRunConfigRunner.doSetUpModel(IloOplRunConfigRunner.java:140)
	... 3 more
!SUBENTRY 1 ilog.odms.ide.opllang.remote 4 0 2022-02-18 12:58:00.131
!MESSAGE load failed
!STACK 0
ilog.concert.IloException: Impossible de charger le modèle.
	at ilog.opl.opl_lang_wrapJNI.IloOplRunConfiguration_getCppOplModel(Native Method)
	at ilog.opl.IloOplRunConfiguration.getCppOplModel(IloOplRunConfiguration.java:226)
	at ilog.opl.IloOplRunConfiguration.getOplModel(IloOplRunConfiguration.java:116)
	at ilog.odms.ide.opllang.remote.IloOplRunConfigRunner.doSetUpModel(IloOplRunConfigRunner.java:140)
	at ilog.odms.ide.opllang.remote.IloOplRunConfigRunner.doRun(IloOplRunConfigRunner.java:374)
	at ilog.odms.ide.opllang.run.IloAbstractRunShell$2.run(IloAbstractRunShell.java:1605)
	at org.eclipse.core.internal.jobs.Worker.run(Worker.java:56)
!SESSION 2022-02-18 12:58:12.199 -----------------------------------------------
eclipse.buildId=unknown
java.fullversion=8.0.5.41 - pxa6480sr5fp41-20190919_01(SR5 FP41)
JRE 1.8.0 Linux amd64-64-Bit Compressed References 20190911_427071 (JIT enabled, AOT enabled)
OpenJ9   - d581d49
OMR      - ca4db84
IBM      - 5cfdf9c
BootLoader constants: OS=linux, ARCH=x86_64, WS=gtk, NL=fr_FR
Command-line arguments:  -clean -nl fr_FR -configuration /home/margauxschmied/Documents/Advanced-methods-PPC-PL1/.metadata/workspace_oplrun

!ENTRY ilog.odms.ide.opllang.remote 1 0 2022-02-18 12:58:12.204
!MESSAGE Run Configuration 3 in /home/margauxschmied/opl/TP3

!ENTRY ilog.odms.ide.opllang.remote 4 0 2022-02-18 12:58:12.281
!MESSAGE run failed
!STACK 0
ilog.concert.IloException: Echec du traitement.
	at ilog.opl.opl_lang_wrapJNI.IloOplModel_getModel(Native Method)
	at ilog.opl.IloOplModel.getModel(IloOplModel.java:562)
	at ilog.odms.ide.opllang.run.IloAbstractRunShell.loadModel(IloAbstractRunShell.java:1215)
	at ilog.odms.ide.opllang.remote.IloOplRunConfigRunner.doProcessModel(IloOplRunConfigRunner.java:156)
	at ilog.odms.ide.opllang.remote.IloOplRunConfigRunner.doRun(IloOplRunConfigRunner.java:377)
	at ilog.odms.ide.opllang.run.IloAbstractRunShell$2.run(IloAbstractRunShell.java:1605)
	at org.eclipse.core.internal.jobs.Worker.run(Worker.java:56)
!SESSION 2022-02-18 12:58:45.953 -----------------------------------------------
eclipse.buildId=unknown
java.fullversion=8.0.5.41 - pxa6480sr5fp41-20190919_01(SR5 FP41)
JRE 1.8.0 Linux amd64-64-Bit Compressed References 20190911_427071 (JIT enabled, AOT enabled)
OpenJ9   - d581d49
OMR      - ca4db84
IBM      - 5cfdf9c
BootLoader constants: OS=linux, ARCH=x86_64, WS=gtk, NL=fr_FR
Command-line arguments:  -clean -nl fr_FR -configuration /home/margauxschmied/Documents/Advanced-methods-PPC-PL1/.metadata/workspace_oplrun

!ENTRY ilog.odms.ide.opllang.remote 1 0 2022-02-18 12:58:45.957
!MESSAGE Run Configuration 3 in /home/margauxschmied/opl/TP3
!SESSION 2022-02-18 13:01:43.615 -----------------------------------------------
eclipse.buildId=unknown
java.fullversion=8.0.5.41 - pxa6480sr5fp41-20190919_01(SR5 FP41)
JRE 1.8.0 Linux amd64-64-Bit Compressed References 20190911_427071 (JIT enabled, AOT enabled)
OpenJ9   - d581d49
OMR      - ca4db84
IBM      - 5cfdf9c
BootLoader constants: OS=linux, ARCH=x86_64, WS=gtk, NL=fr_FR
Command-line arguments:  -clean -nl fr_FR -configuration /home/margauxschmied/Documents/Advanced-methods-PPC-PL1/.metadata/workspace_oplrun

!ENTRY ilog.odms.ide.opllang.remote 1 0 2022-02-18 13:01:43.620
!MESSAGE Run Configuration 3 in /home/margauxschmied/opl/TP3
!SESSION 2022-02-18 13:03:03.793 -----------------------------------------------
eclipse.buildId=unknown
java.fullversion=8.0.5.41 - pxa6480sr5fp41-20190919_01(SR5 FP41)
JRE 1.8.0 Linux amd64-64-Bit Compressed References 20190911_427071 (JIT enabled, AOT enabled)
OpenJ9   - d581d49
OMR      - ca4db84
IBM      - 5cfdf9c
BootLoader constants: OS=linux, ARCH=x86_64, WS=gtk, NL=fr_FR
Command-line arguments:  -clean -nl fr_FR -configuration /home/margauxschmied/Documents/Advanced-methods-PPC-PL1/.metadata/workspace_oplrun

!ENTRY ilog.odms.ide.opllang.remote 1 0 2022-02-18 13:03:03.799
!MESSAGE Run Configuration 3 in /home/margauxschmied/opl/TP3
!SESSION 2022-02-18 13:08:23.664 -----------------------------------------------
eclipse.buildId=unknown
java.fullversion=8.0.5.41 - pxa6480sr5fp41-20190919_01(SR5 FP41)
JRE 1.8.0 Linux amd64-64-Bit Compressed References 20190911_427071 (JIT enabled, AOT enabled)
OpenJ9   - d581d49
OMR      - ca4db84
IBM      - 5cfdf9c
BootLoader constants: OS=linux, ARCH=x86_64, WS=gtk, NL=fr_FR
Command-line arguments:  -clean -nl fr_FR -configuration /home/margauxschmied/Documents/Advanced-methods-PPC-PL1/.metadata/workspace_oplrun

!ENTRY ilog.odms.ide.opllang.remote 1 0 2022-02-18 13:08:23.668
!MESSAGE Run Configuration 3 in /home/margauxschmied/opl/TP3

!ENTRY ilog.odms.ide.opllang.remote 4 0 2022-02-18 13:08:23.746
!MESSAGE run failed
!STACK 0
ilog.concert.IloException: Echec du traitement.
	at ilog.opl.opl_lang_wrapJNI.IloOplModel_getModel(Native Method)
	at ilog.opl.IloOplModel.getModel(IloOplModel.java:562)
	at ilog.odms.ide.opllang.run.IloAbstractRunShell.loadModel(IloAbstractRunShell.java:1215)
	at ilog.odms.ide.opllang.remote.IloOplRunConfigRunner.doProcessModel(IloOplRunConfigRunner.java:156)
	at ilog.odms.ide.opllang.remote.IloOplRunConfigRunner.doRun(IloOplRunConfigRunner.java:377)
	at ilog.odms.ide.opllang.run.IloAbstractRunShell$2.run(IloAbstractRunShell.java:1605)
	at org.eclipse.core.internal.jobs.Worker.run(Worker.java:56)
!SESSION 2022-02-18 13:08:43.233 -----------------------------------------------
eclipse.buildId=unknown
java.fullversion=8.0.5.41 - pxa6480sr5fp41-20190919_01(SR5 FP41)
JRE 1.8.0 Linux amd64-64-Bit Compressed References 20190911_427071 (JIT enabled, AOT enabled)
OpenJ9   - d581d49
OMR      - ca4db84
IBM      - 5cfdf9c
BootLoader constants: OS=linux, ARCH=x86_64, WS=gtk, NL=fr_FR
Command-line arguments:  -clean -nl fr_FR -configuration /home/margauxschmied/Documents/Advanced-methods-PPC-PL1/.metadata/workspace_oplrun

!ENTRY ilog.odms.ide.opllang.remote 1 0 2022-02-18 13:08:43.238
!MESSAGE Run Configuration 3 in /home/margauxschmied/opl/TP3
!SESSION 2022-02-18 13:09:17.729 -----------------------------------------------
eclipse.buildId=unknown
java.fullversion=8.0.5.41 - pxa6480sr5fp41-20190919_01(SR5 FP41)
JRE 1.8.0 Linux amd64-64-Bit Compressed References 20190911_427071 (JIT enabled, AOT enabled)
OpenJ9   - d581d49
OMR      - ca4db84
IBM      - 5cfdf9c
BootLoader constants: OS=linux, ARCH=x86_64, WS=gtk, NL=fr_FR
Command-line arguments:  -clean -nl fr_FR -configuration /home/margauxschmied/Documents/Advanced-methods-PPC-PL1/.metadata/workspace_oplrun

!ENTRY ilog.odms.ide.opllang.remote 1 0 2022-02-18 13:09:17.737
!MESSAGE Run Configuration 3 in /home/margauxschmied/opl/TP3
!SESSION 2022-02-18 13:13:13.700 -----------------------------------------------
eclipse.buildId=unknown
java.fullversion=8.0.5.41 - pxa6480sr5fp41-20190919_01(SR5 FP41)
JRE 1.8.0 Linux amd64-64-Bit Compressed References 20190911_427071 (JIT enabled, AOT enabled)
OpenJ9   - d581d49
OMR      - ca4db84
IBM      - 5cfdf9c
BootLoader constants: OS=linux, ARCH=x86_64, WS=gtk, NL=fr_FR
Command-line arguments:  -clean -nl fr_FR -configuration /home/margauxschmied/Documents/Advanced-methods-PPC-PL1/.metadata/workspace_oplrun

!ENTRY ilog.odms.ide.opllang.remote 1 0 2022-02-18 13:13:13.705
!MESSAGE Run Configuration 3 in /home/margauxschmied/opl/TP3
!SESSION 2022-02-18 13:13:30.685 -----------------------------------------------
eclipse.buildId=unknown
java.fullversion=8.0.5.41 - pxa6480sr5fp41-20190919_01(SR5 FP41)
JRE 1.8.0 Linux amd64-64-Bit Compressed References 20190911_427071 (JIT enabled, AOT enabled)
OpenJ9   - d581d49
OMR      - ca4db84
IBM      - 5cfdf9c
BootLoader constants: OS=linux, ARCH=x86_64, WS=gtk, NL=fr_FR
Command-line arguments:  -clean -nl fr_FR -configuration /home/margauxschmied/Documents/Advanced-methods-PPC-PL1/.metadata/workspace_oplrun

!ENTRY ilog.odms.ide.opllang.remote 1 0 2022-02-18 13:13:30.690
!MESSAGE Run Configuration 3 in /home/margauxschmied/opl/TP3
!SESSION 2022-02-18 13:21:03.334 -----------------------------------------------
eclipse.buildId=unknown
java.fullversion=8.0.5.41 - pxa6480sr5fp41-20190919_01(SR5 FP41)
JRE 1.8.0 Linux amd64-64-Bit Compressed References 20190911_427071 (JIT enabled, AOT enabled)
OpenJ9   - d581d49
OMR      - ca4db84
IBM      - 5cfdf9c
BootLoader constants: OS=linux, ARCH=x86_64, WS=gtk, NL=fr_FR
Command-line arguments:  -clean -nl fr_FR -configuration /home/margauxschmied/Documents/Advanced-methods-PPC-PL1/.metadata/workspace_oplrun

!ENTRY ilog.odms.ide.opllang.remote 1 0 2022-02-18 13:21:03.338
!MESSAGE Run Configuration 3 in /home/margauxschmied/opl/TP3
!SESSION 2022-02-18 13:21:36.962 -----------------------------------------------
eclipse.buildId=unknown
java.fullversion=8.0.5.41 - pxa6480sr5fp41-20190919_01(SR5 FP41)
JRE 1.8.0 Linux amd64-64-Bit Compressed References 20190911_427071 (JIT enabled, AOT enabled)
OpenJ9   - d581d49
OMR      - ca4db84
IBM      - 5cfdf9c
BootLoader constants: OS=linux, ARCH=x86_64, WS=gtk, NL=fr_FR
Command-line arguments:  -clean -nl fr_FR -configuration /home/margauxschmied/Documents/Advanced-methods-PPC-PL1/.metadata/workspace_oplrun

!ENTRY ilog.odms.ide.opllang.remote 1 0 2022-02-18 13:21:36.967
!MESSAGE Run Configuration 3 in /home/margauxschmied/opl/TP3
!SESSION 2022-02-18 13:23:05.916 -----------------------------------------------
eclipse.buildId=unknown
java.fullversion=8.0.5.41 - pxa6480sr5fp41-20190919_01(SR5 FP41)
JRE 1.8.0 Linux amd64-64-Bit Compressed References 20190911_427071 (JIT enabled, AOT enabled)
OpenJ9   - d581d49
OMR      - ca4db84
IBM      - 5cfdf9c
BootLoader constants: OS=linux, ARCH=x86_64, WS=gtk, NL=fr_FR
Command-line arguments:  -clean -nl fr_FR -configuration /home/margauxschmied/Documents/Advanced-methods-PPC-PL1/.metadata/workspace_oplrun

!ENTRY ilog.odms.ide.opllang.remote 1 0 2022-02-18 13:23:05.922
!MESSAGE Run Configuration 3 in /home/margauxschmied/opl/TP3
!SESSION 2022-02-18 13:23:38.758 -----------------------------------------------
eclipse.buildId=unknown
java.fullversion=8.0.5.41 - pxa6480sr5fp41-20190919_01(SR5 FP41)
JRE 1.8.0 Linux amd64-64-Bit Compressed References 20190911_427071 (JIT enabled, AOT enabled)
OpenJ9   - d581d49
OMR      - ca4db84
IBM      - 5cfdf9c
BootLoader constants: OS=linux, ARCH=x86_64, WS=gtk, NL=fr_FR
Command-line arguments:  -clean -nl fr_FR -configuration /home/margauxschmied/Documents/Advanced-methods-PPC-PL1/.metadata/workspace_oplrun

!ENTRY ilog.odms.ide.opllang.remote 1 0 2022-02-18 13:23:38.763
!MESSAGE Run Configuration 3 in /home/margauxschmied/opl/TP3
!SESSION 2022-02-18 13:24:35.218 -----------------------------------------------
eclipse.buildId=unknown
java.fullversion=8.0.5.41 - pxa6480sr5fp41-20190919_01(SR5 FP41)
JRE 1.8.0 Linux amd64-64-Bit Compressed References 20190911_427071 (JIT enabled, AOT enabled)
OpenJ9   - d581d49
OMR      - ca4db84
IBM      - 5cfdf9c
BootLoader constants: OS=linux, ARCH=x86_64, WS=gtk, NL=fr_FR
Command-line arguments:  -clean -nl fr_FR -configuration /home/margauxschmied/Documents/Advanced-methods-PPC-PL1/.metadata/workspace_oplrun

!ENTRY ilog.odms.ide.opllang.remote 1 0 2022-02-18 13:24:35.223
!MESSAGE Run Configuration 3 in /home/margauxschmied/opl/TP3
!SESSION 2022-02-28 10:47:25.120 -----------------------------------------------
eclipse.buildId=unknown
java.fullversion=8.0.5.41 - pxa6480sr5fp41-20190919_01(SR5 FP41)
JRE 1.8.0 Linux amd64-64-Bit Compressed References 20190911_427071 (JIT enabled, AOT enabled)
OpenJ9   - d581d49
OMR      - ca4db84
IBM      - 5cfdf9c
BootLoader constants: OS=linux, ARCH=x86_64, WS=gtk, NL=fr_FR
Command-line arguments:  -clean -nl fr_FR -configuration /home/margauxschmied/Documents/Advanced-methods-PPC-PL1/.metadata/workspace_oplrun

!ENTRY ilog.odms.ide.opllang.remote 1 0 2022-02-28 10:47:25.126
!MESSAGE Run Configuration 4 in /home/margauxschmied/opl/TP3

!ENTRY ilog.odms.ide.opllang.remote 4 0 2022-02-28 10:47:25.251
!MESSAGE run failed
!STACK 0
ilog.concert.IloException: Echec du traitement.
	at ilog.opl.opl_lang_wrapJNI.IloOplModel_getModel(Native Method)
	at ilog.opl.IloOplModel.getModel(IloOplModel.java:562)
	at ilog.odms.ide.opllang.run.IloAbstractRunShell.loadModel(IloAbstractRunShell.java:1215)
	at ilog.odms.ide.opllang.remote.IloOplRunConfigRunner.doProcessModel(IloOplRunConfigRunner.java:156)
	at ilog.odms.ide.opllang.remote.IloOplRunConfigRunner.doRun(IloOplRunConfigRunner.java:377)
	at ilog.odms.ide.opllang.run.IloAbstractRunShell$2.run(IloAbstractRunShell.java:1605)
	at org.eclipse.core.internal.jobs.Worker.run(Worker.java:56)
!SESSION 2022-02-28 10:47:42.426 -----------------------------------------------
eclipse.buildId=unknown
java.fullversion=8.0.5.41 - pxa6480sr5fp41-20190919_01(SR5 FP41)
JRE 1.8.0 Linux amd64-64-Bit Compressed References 20190911_427071 (JIT enabled, AOT enabled)
OpenJ9   - d581d49
OMR      - ca4db84
IBM      - 5cfdf9c
BootLoader constants: OS=linux, ARCH=x86_64, WS=gtk, NL=fr_FR
Command-line arguments:  -clean -nl fr_FR -configuration /home/margauxschmied/Documents/Advanced-methods-PPC-PL1/.metadata/workspace_oplrun

!ENTRY ilog.odms.ide.opllang.remote 1 0 2022-02-28 10:47:42.431
!MESSAGE Run Configuration 4 in /home/margauxschmied/opl/TP3

!ENTRY ilog.odms.ide.opllang.remote 4 0 2022-02-28 10:47:42.497
!MESSAGE run failed
!STACK 0
ilog.concert.IloException: Echec du traitement.
	at ilog.opl.opl_lang_wrapJNI.IloOplModel_getModel(Native Method)
	at ilog.opl.IloOplModel.getModel(IloOplModel.java:562)
	at ilog.odms.ide.opllang.run.IloAbstractRunShell.loadModel(IloAbstractRunShell.java:1215)
	at ilog.odms.ide.opllang.remote.IloOplRunConfigRunner.doProcessModel(IloOplRunConfigRunner.java:156)
	at ilog.odms.ide.opllang.remote.IloOplRunConfigRunner.doRun(IloOplRunConfigRunner.java:377)
	at ilog.odms.ide.opllang.run.IloAbstractRunShell$2.run(IloAbstractRunShell.java:1605)
	at org.eclipse.core.internal.jobs.Worker.run(Worker.java:56)
!SESSION 2022-02-28 10:48:17.504 -----------------------------------------------
eclipse.buildId=unknown
java.fullversion=8.0.5.41 - pxa6480sr5fp41-20190919_01(SR5 FP41)
JRE 1.8.0 Linux amd64-64-Bit Compressed References 20190911_427071 (JIT enabled, AOT enabled)
OpenJ9   - d581d49
OMR      - ca4db84
IBM      - 5cfdf9c
BootLoader constants: OS=linux, ARCH=x86_64, WS=gtk, NL=fr_FR
Command-line arguments:  -clean -nl fr_FR -configuration /home/margauxschmied/Documents/Advanced-methods-PPC-PL1/.metadata/workspace_oplrun

!ENTRY ilog.odms.ide.opllang.remote 1 0 2022-02-28 10:48:17.512
!MESSAGE Run Configuration 4 in /home/margauxschmied/opl/TP3
!SESSION 2022-02-28 10:48:36.099 -----------------------------------------------
eclipse.buildId=unknown
java.fullversion=8.0.5.41 - pxa6480sr5fp41-20190919_01(SR5 FP41)
JRE 1.8.0 Linux amd64-64-Bit Compressed References 20190911_427071 (JIT enabled, AOT enabled)
OpenJ9   - d581d49
OMR      - ca4db84
IBM      - 5cfdf9c
BootLoader constants: OS=linux, ARCH=x86_64, WS=gtk, NL=fr_FR
Command-line arguments:  -clean -nl fr_FR -configuration /home/margauxschmied/Documents/Advanced-methods-PPC-PL1/.metadata/workspace_oplrun

!ENTRY ilog.odms.ide.opllang.remote 1 0 2022-02-28 10:48:36.104
!MESSAGE Run Configuration 3 in /home/margauxschmied/opl/TP3
!SESSION 2022-02-28 10:48:44.556 -----------------------------------------------
eclipse.buildId=unknown
java.fullversion=8.0.5.41 - pxa6480sr5fp41-20190919_01(SR5 FP41)
JRE 1.8.0 Linux amd64-64-Bit Compressed References 20190911_427071 (JIT enabled, AOT enabled)
OpenJ9   - d581d49
OMR      - ca4db84
IBM      - 5cfdf9c
BootLoader constants: OS=linux, ARCH=x86_64, WS=gtk, NL=fr_FR
Command-line arguments:  -clean -nl fr_FR -configuration /home/margauxschmied/Documents/Advanced-methods-PPC-PL1/.metadata/workspace_oplrun

!ENTRY ilog.odms.ide.opllang.remote 1 0 2022-02-28 10:48:44.561
!MESSAGE Run Configuration 2 in /home/margauxschmied/opl/TP3
!SESSION 2022-02-28 10:48:59.083 -----------------------------------------------
eclipse.buildId=unknown
java.fullversion=8.0.5.41 - pxa6480sr5fp41-20190919_01(SR5 FP41)
JRE 1.8.0 Linux amd64-64-Bit Compressed References 20190911_427071 (JIT enabled, AOT enabled)
OpenJ9   - d581d49
OMR      - ca4db84
IBM      - 5cfdf9c
BootLoader constants: OS=linux, ARCH=x86_64, WS=gtk, NL=fr_FR
Command-line arguments:  -clean -nl fr_FR -configuration /home/margauxschmied/Documents/Advanced-methods-PPC-PL1/.metadata/workspace_oplrun

!ENTRY ilog.odms.ide.opllang.remote 1 0 2022-02-28 10:48:59.088
!MESSAGE Run Configuration 1 in /home/margauxschmied/Documents/Advanced-methods-PPC-PL1/TP2
!SESSION 2022-02-28 10:49:08.453 -----------------------------------------------
eclipse.buildId=unknown
java.fullversion=8.0.5.41 - pxa6480sr5fp41-20190919_01(SR5 FP41)
JRE 1.8.0 Linux amd64-64-Bit Compressed References 20190911_427071 (JIT enabled, AOT enabled)
OpenJ9   - d581d49
OMR      - ca4db84
IBM      - 5cfdf9c
BootLoader constants: OS=linux, ARCH=x86_64, WS=gtk, NL=fr_FR
Command-line arguments:  -clean -nl fr_FR -configuration /home/margauxschmied/Documents/Advanced-methods-PPC-PL1/.metadata/workspace_oplrun

!ENTRY ilog.odms.ide.opllang.remote 1 0 2022-02-28 10:49:08.458
!MESSAGE Run Configuration 2 in /home/margauxschmied/opl/TP3
!SESSION 2022-02-28 10:49:15.673 -----------------------------------------------
eclipse.buildId=unknown
java.fullversion=8.0.5.41 - pxa6480sr5fp41-20190919_01(SR5 FP41)
JRE 1.8.0 Linux amd64-64-Bit Compressed References 20190911_427071 (JIT enabled, AOT enabled)
OpenJ9   - d581d49
OMR      - ca4db84
IBM      - 5cfdf9c
BootLoader constants: OS=linux, ARCH=x86_64, WS=gtk, NL=fr_FR
Command-line arguments:  -clean -nl fr_FR -configuration /home/margauxschmied/Documents/Advanced-methods-PPC-PL1/.metadata/workspace_oplrun

!ENTRY ilog.odms.ide.opllang.remote 1 0 2022-02-28 10:49:15.679
!MESSAGE Run Configuration 3 in /home/margauxschmied/opl/TP3
!SESSION 2022-02-28 11:29:47.000 -----------------------------------------------
eclipse.buildId=unknown
java.fullversion=8.0.5.41 - pxa6480sr5fp41-20190919_01(SR5 FP41)
JRE 1.8.0 Linux amd64-64-Bit Compressed References 20190911_427071 (JIT enabled, AOT enabled)
OpenJ9   - d581d49
OMR      - ca4db84
IBM      - 5cfdf9c
BootLoader constants: OS=linux, ARCH=x86_64, WS=gtk, NL=fr_FR
Command-line arguments:  -clean -nl fr_FR -configuration /home/margauxschmied/Documents/Advanced-methods-PPC-PL1/.metadata/workspace_oplrun

!ENTRY ilog.odms.ide.opllang.remote 1 0 2022-02-28 11:29:47.005
!MESSAGE Run Configuration 1 in /home/margauxschmied/opl/revision1
!SESSION 2022-02-28 11:50:11.462 -----------------------------------------------
eclipse.buildId=unknown
java.fullversion=8.0.5.41 - pxa6480sr5fp41-20190919_01(SR5 FP41)
JRE 1.8.0 Linux amd64-64-Bit Compressed References 20190911_427071 (JIT enabled, AOT enabled)
OpenJ9   - d581d49
OMR      - ca4db84
IBM      - 5cfdf9c
BootLoader constants: OS=linux, ARCH=x86_64, WS=gtk, NL=fr_FR
Command-line arguments:  -clean -nl fr_FR -configuration /home/margauxschmied/Documents/Advanced-methods-PPC-PL1/.metadata/workspace_oplrun

!ENTRY ilog.odms.ide.opllang.remote 1 0 2022-02-28 11:50:11.467
!MESSAGE Run Configuration 1 in /home/margauxschmied/opl/revision1
!SESSION 2022-02-28 11:52:08.813 -----------------------------------------------
eclipse.buildId=unknown
java.fullversion=8.0.5.41 - pxa6480sr5fp41-20190919_01(SR5 FP41)
JRE 1.8.0 Linux amd64-64-Bit Compressed References 20190911_427071 (JIT enabled, AOT enabled)
OpenJ9   - d581d49
OMR      - ca4db84
IBM      - 5cfdf9c
BootLoader constants: OS=linux, ARCH=x86_64, WS=gtk, NL=fr_FR
Command-line arguments:  -clean -nl fr_FR -configuration /home/margauxschmied/Documents/Advanced-methods-PPC-PL1/.metadata/workspace_oplrun

!ENTRY ilog.odms.ide.opllang.remote 1 0 2022-02-28 11:52:08.818
!MESSAGE Run Configuration 1 in /home/margauxschmied/opl/revision1
!SESSION 2022-02-28 11:56:57.419 -----------------------------------------------
eclipse.buildId=unknown
java.fullversion=8.0.5.41 - pxa6480sr5fp41-20190919_01(SR5 FP41)
JRE 1.8.0 Linux amd64-64-Bit Compressed References 20190911_427071 (JIT enabled, AOT enabled)
OpenJ9   - d581d49
OMR      - ca4db84
IBM      - 5cfdf9c
BootLoader constants: OS=linux, ARCH=x86_64, WS=gtk, NL=fr_FR
Command-line arguments:  -clean -nl fr_FR -configuration /home/margauxschmied/Documents/Advanced-methods-PPC-PL1/.metadata/workspace_oplrun

!ENTRY ilog.odms.ide.opllang.remote 1 0 2022-02-28 11:56:57.425
!MESSAGE Run Configuration 1 in /home/margauxschmied/opl/revision1

!ENTRY ilog.odms.ide.opllang.remote 4 0 2022-02-28 11:56:57.478
!MESSAGE load failed
!STACK 1
org.eclipse.core.runtime.CoreException: load failed
	at ilog.odms.ide.opllang.remote.IloOplRunConfigRunner.doSetUpModel(IloOplRunConfigRunner.java:146)
	at ilog.odms.ide.opllang.remote.IloOplRunConfigRunner.doRun(IloOplRunConfigRunner.java:374)
	at ilog.odms.ide.opllang.run.IloAbstractRunShell$2.run(IloAbstractRunShell.java:1605)
	at org.eclipse.core.internal.jobs.Worker.run(Worker.java:56)
Caused by: ilog.concert.IloException: Impossible de charger le modèle.
	at ilog.opl.opl_lang_wrapJNI.IloOplRunConfiguration_getCppOplModel(Native Method)
	at ilog.opl.IloOplRunConfiguration.getCppOplModel(IloOplRunConfiguration.java:226)
	at ilog.opl.IloOplRunConfiguration.getOplModel(IloOplRunConfiguration.java:116)
	at ilog.odms.ide.opllang.remote.IloOplRunConfigRunner.doSetUpModel(IloOplRunConfigRunner.java:140)
	... 3 more
!SUBENTRY 1 ilog.odms.ide.opllang.remote 4 0 2022-02-28 11:56:57.478
!MESSAGE load failed
!STACK 0
ilog.concert.IloException: Impossible de charger le modèle.
	at ilog.opl.opl_lang_wrapJNI.IloOplRunConfiguration_getCppOplModel(Native Method)
	at ilog.opl.IloOplRunConfiguration.getCppOplModel(IloOplRunConfiguration.java:226)
	at ilog.opl.IloOplRunConfiguration.getOplModel(IloOplRunConfiguration.java:116)
	at ilog.odms.ide.opllang.remote.IloOplRunConfigRunner.doSetUpModel(IloOplRunConfigRunner.java:140)
	at ilog.odms.ide.opllang.remote.IloOplRunConfigRunner.doRun(IloOplRunConfigRunner.java:374)
	at ilog.odms.ide.opllang.run.IloAbstractRunShell$2.run(IloAbstractRunShell.java:1605)
	at org.eclipse.core.internal.jobs.Worker.run(Worker.java:56)
!SESSION 2022-02-28 11:57:23.961 -----------------------------------------------
eclipse.buildId=unknown
java.fullversion=8.0.5.41 - pxa6480sr5fp41-20190919_01(SR5 FP41)
JRE 1.8.0 Linux amd64-64-Bit Compressed References 20190911_427071 (JIT enabled, AOT enabled)
OpenJ9   - d581d49
OMR      - ca4db84
IBM      - 5cfdf9c
BootLoader constants: OS=linux, ARCH=x86_64, WS=gtk, NL=fr_FR
Command-line arguments:  -clean -nl fr_FR -configuration /home/margauxschmied/Documents/Advanced-methods-PPC-PL1/.metadata/workspace_oplrun

!ENTRY ilog.odms.ide.opllang.remote 1 0 2022-02-28 11:57:23.966
!MESSAGE Run Configuration 1 in /home/margauxschmied/opl/revision1

!ENTRY ilog.odms.ide.opllang.remote 4 0 2022-02-28 11:57:23.997
!MESSAGE load failed
!STACK 1
org.eclipse.core.runtime.CoreException: load failed
	at ilog.odms.ide.opllang.remote.IloOplRunConfigRunner.doSetUpModel(IloOplRunConfigRunner.java:146)
	at ilog.odms.ide.opllang.remote.IloOplRunConfigRunner.doRun(IloOplRunConfigRunner.java:374)
	at ilog.odms.ide.opllang.run.IloAbstractRunShell$2.run(IloAbstractRunShell.java:1605)
	at org.eclipse.core.internal.jobs.Worker.run(Worker.java:56)
Caused by: ilog.concert.IloException: Impossible de charger le modèle.
	at ilog.opl.opl_lang_wrapJNI.IloOplRunConfiguration_getCppOplModel(Native Method)
	at ilog.opl.IloOplRunConfiguration.getCppOplModel(IloOplRunConfiguration.java:226)
	at ilog.opl.IloOplRunConfiguration.getOplModel(IloOplRunConfiguration.java:116)
	at ilog.odms.ide.opllang.remote.IloOplRunConfigRunner.doSetUpModel(IloOplRunConfigRunner.java:140)
	... 3 more
!SUBENTRY 1 ilog.odms.ide.opllang.remote 4 0 2022-02-28 11:57:23.997
!MESSAGE load failed
!STACK 0
ilog.concert.IloException: Impossible de charger le modèle.
	at ilog.opl.opl_lang_wrapJNI.IloOplRunConfiguration_getCppOplModel(Native Method)
	at ilog.opl.IloOplRunConfiguration.getCppOplModel(IloOplRunConfiguration.java:226)
	at ilog.opl.IloOplRunConfiguration.getOplModel(IloOplRunConfiguration.java:116)
	at ilog.odms.ide.opllang.remote.IloOplRunConfigRunner.doSetUpModel(IloOplRunConfigRunner.java:140)
	at ilog.odms.ide.opllang.remote.IloOplRunConfigRunner.doRun(IloOplRunConfigRunner.java:374)
	at ilog.odms.ide.opllang.run.IloAbstractRunShell$2.run(IloAbstractRunShell.java:1605)
	at org.eclipse.core.internal.jobs.Worker.run(Worker.java:56)
!SESSION 2022-02-28 11:57:36.196 -----------------------------------------------
eclipse.buildId=unknown
java.fullversion=8.0.5.41 - pxa6480sr5fp41-20190919_01(SR5 FP41)
JRE 1.8.0 Linux amd64-64-Bit Compressed References 20190911_427071 (JIT enabled, AOT enabled)
OpenJ9   - d581d49
OMR      - ca4db84
IBM      - 5cfdf9c
BootLoader constants: OS=linux, ARCH=x86_64, WS=gtk, NL=fr_FR
Command-line arguments:  -clean -nl fr_FR -configuration /home/margauxschmied/Documents/Advanced-methods-PPC-PL1/.metadata/workspace_oplrun

!ENTRY ilog.odms.ide.opllang.remote 1 0 2022-02-28 11:57:36.201
!MESSAGE Run Configuration 1 in /home/margauxschmied/opl/revision1

!ENTRY ilog.odms.ide.opllang.remote 4 0 2022-02-28 11:57:36.233
!MESSAGE load failed
!STACK 1
org.eclipse.core.runtime.CoreException: load failed
	at ilog.odms.ide.opllang.remote.IloOplRunConfigRunner.doSetUpModel(IloOplRunConfigRunner.java:146)
	at ilog.odms.ide.opllang.remote.IloOplRunConfigRunner.doRun(IloOplRunConfigRunner.java:374)
	at ilog.odms.ide.opllang.run.IloAbstractRunShell$2.run(IloAbstractRunShell.java:1605)
	at org.eclipse.core.internal.jobs.Worker.run(Worker.java:56)
Caused by: ilog.concert.IloException: Impossible de charger le modèle.
	at ilog.opl.opl_lang_wrapJNI.IloOplRunConfiguration_getCppOplModel(Native Method)
	at ilog.opl.IloOplRunConfiguration.getCppOplModel(IloOplRunConfiguration.java:226)
	at ilog.opl.IloOplRunConfiguration.getOplModel(IloOplRunConfiguration.java:116)
	at ilog.odms.ide.opllang.remote.IloOplRunConfigRunner.doSetUpModel(IloOplRunConfigRunner.java:140)
	... 3 more
!SUBENTRY 1 ilog.odms.ide.opllang.remote 4 0 2022-02-28 11:57:36.234
!MESSAGE load failed
!STACK 0
ilog.concert.IloException: Impossible de charger le modèle.
	at ilog.opl.opl_lang_wrapJNI.IloOplRunConfiguration_getCppOplModel(Native Method)
	at ilog.opl.IloOplRunConfiguration.getCppOplModel(IloOplRunConfiguration.java:226)
	at ilog.opl.IloOplRunConfiguration.getOplModel(IloOplRunConfiguration.java:116)
	at ilog.odms.ide.opllang.remote.IloOplRunConfigRunner.doSetUpModel(IloOplRunConfigRunner.java:140)
	at ilog.odms.ide.opllang.remote.IloOplRunConfigRunner.doRun(IloOplRunConfigRunner.java:374)
	at ilog.odms.ide.opllang.run.IloAbstractRunShell$2.run(IloAbstractRunShell.java:1605)
	at org.eclipse.core.internal.jobs.Worker.run(Worker.java:56)
!SESSION 2022-02-28 11:58:22.125 -----------------------------------------------
eclipse.buildId=unknown
java.fullversion=8.0.5.41 - pxa6480sr5fp41-20190919_01(SR5 FP41)
JRE 1.8.0 Linux amd64-64-Bit Compressed References 20190911_427071 (JIT enabled, AOT enabled)
OpenJ9   - d581d49
OMR      - ca4db84
IBM      - 5cfdf9c
BootLoader constants: OS=linux, ARCH=x86_64, WS=gtk, NL=fr_FR
Command-line arguments:  -clean -nl fr_FR -configuration /home/margauxschmied/Documents/Advanced-methods-PPC-PL1/.metadata/workspace_oplrun

!ENTRY ilog.odms.ide.opllang.remote 1 0 2022-02-28 11:58:22.130
!MESSAGE Run Configuration 1 in /home/margauxschmied/opl/revision1

!ENTRY ilog.odms.ide.opllang.remote 4 0 2022-02-28 11:58:22.160
!MESSAGE load failed
!STACK 1
org.eclipse.core.runtime.CoreException: load failed
	at ilog.odms.ide.opllang.remote.IloOplRunConfigRunner.doSetUpModel(IloOplRunConfigRunner.java:146)
	at ilog.odms.ide.opllang.remote.IloOplRunConfigRunner.doRun(IloOplRunConfigRunner.java:374)
	at ilog.odms.ide.opllang.run.IloAbstractRunShell$2.run(IloAbstractRunShell.java:1605)
	at org.eclipse.core.internal.jobs.Worker.run(Worker.java:56)
Caused by: ilog.concert.IloException: Impossible de charger le modèle.
	at ilog.opl.opl_lang_wrapJNI.IloOplRunConfiguration_getCppOplModel(Native Method)
	at ilog.opl.IloOplRunConfiguration.getCppOplModel(IloOplRunConfiguration.java:226)
	at ilog.opl.IloOplRunConfiguration.getOplModel(IloOplRunConfiguration.java:116)
	at ilog.odms.ide.opllang.remote.IloOplRunConfigRunner.doSetUpModel(IloOplRunConfigRunner.java:140)
	... 3 more
!SUBENTRY 1 ilog.odms.ide.opllang.remote 4 0 2022-02-28 11:58:22.160
!MESSAGE load failed
!STACK 0
ilog.concert.IloException: Impossible de charger le modèle.
	at ilog.opl.opl_lang_wrapJNI.IloOplRunConfiguration_getCppOplModel(Native Method)
	at ilog.opl.IloOplRunConfiguration.getCppOplModel(IloOplRunConfiguration.java:226)
	at ilog.opl.IloOplRunConfiguration.getOplModel(IloOplRunConfiguration.java:116)
	at ilog.odms.ide.opllang.remote.IloOplRunConfigRunner.doSetUpModel(IloOplRunConfigRunner.java:140)
	at ilog.odms.ide.opllang.remote.IloOplRunConfigRunner.doRun(IloOplRunConfigRunner.java:374)
	at ilog.odms.ide.opllang.run.IloAbstractRunShell$2.run(IloAbstractRunShell.java:1605)
	at org.eclipse.core.internal.jobs.Worker.run(Worker.java:56)
!SESSION 2022-02-28 12:00:11.789 -----------------------------------------------
eclipse.buildId=unknown
java.fullversion=8.0.5.41 - pxa6480sr5fp41-20190919_01(SR5 FP41)
JRE 1.8.0 Linux amd64-64-Bit Compressed References 20190911_427071 (JIT enabled, AOT enabled)
OpenJ9   - d581d49
OMR      - ca4db84
IBM      - 5cfdf9c
BootLoader constants: OS=linux, ARCH=x86_64, WS=gtk, NL=fr_FR
Command-line arguments:  -clean -nl fr_FR -configuration /home/margauxschmied/Documents/Advanced-methods-PPC-PL1/.metadata/workspace_oplrun

!ENTRY ilog.odms.ide.opllang.remote 1 0 2022-02-28 12:00:11.794
!MESSAGE Run Configuration 1 in /home/margauxschmied/opl/revision1
!SESSION 2022-02-28 12:01:00.111 -----------------------------------------------
eclipse.buildId=unknown
java.fullversion=8.0.5.41 - pxa6480sr5fp41-20190919_01(SR5 FP41)
JRE 1.8.0 Linux amd64-64-Bit Compressed References 20190911_427071 (JIT enabled, AOT enabled)
OpenJ9   - d581d49
OMR      - ca4db84
IBM      - 5cfdf9c
BootLoader constants: OS=linux, ARCH=x86_64, WS=gtk, NL=fr_FR
Command-line arguments:  -clean -nl fr_FR -configuration /home/margauxschmied/Documents/Advanced-methods-PPC-PL1/.metadata/workspace_oplrun

!ENTRY ilog.odms.ide.opllang.remote 1 0 2022-02-28 12:01:00.118
!MESSAGE Run Configuration 1 in /home/margauxschmied/opl/revision1
!SESSION 2022-02-28 12:01:47.041 -----------------------------------------------
eclipse.buildId=unknown
java.fullversion=8.0.5.41 - pxa6480sr5fp41-20190919_01(SR5 FP41)
JRE 1.8.0 Linux amd64-64-Bit Compressed References 20190911_427071 (JIT enabled, AOT enabled)
OpenJ9   - d581d49
OMR      - ca4db84
IBM      - 5cfdf9c
BootLoader constants: OS=linux, ARCH=x86_64, WS=gtk, NL=fr_FR
Command-line arguments:  -clean -nl fr_FR -configuration /home/margauxschmied/Documents/Advanced-methods-PPC-PL1/.metadata/workspace_oplrun

!ENTRY ilog.odms.ide.opllang.remote 1 0 2022-02-28 12:01:47.046
!MESSAGE Run Configuration 1 in /home/margauxschmied/opl/revision1
!SESSION 2022-02-28 12:02:15.569 -----------------------------------------------
eclipse.buildId=unknown
java.fullversion=8.0.5.41 - pxa6480sr5fp41-20190919_01(SR5 FP41)
JRE 1.8.0 Linux amd64-64-Bit Compressed References 20190911_427071 (JIT enabled, AOT enabled)
OpenJ9   - d581d49
OMR      - ca4db84
IBM      - 5cfdf9c
BootLoader constants: OS=linux, ARCH=x86_64, WS=gtk, NL=fr_FR
Command-line arguments:  -clean -nl fr_FR -configuration /home/margauxschmied/Documents/Advanced-methods-PPC-PL1/.metadata/workspace_oplrun

!ENTRY ilog.odms.ide.opllang.remote 1 0 2022-02-28 12:02:15.575
!MESSAGE Run Configuration 1 in /home/margauxschmied/opl/revision1
!SESSION 2022-02-28 12:05:58.650 -----------------------------------------------
eclipse.buildId=unknown
java.fullversion=8.0.5.41 - pxa6480sr5fp41-20190919_01(SR5 FP41)
JRE 1.8.0 Linux amd64-64-Bit Compressed References 20190911_427071 (JIT enabled, AOT enabled)
OpenJ9   - d581d49
OMR      - ca4db84
IBM      - 5cfdf9c
BootLoader constants: OS=linux, ARCH=x86_64, WS=gtk, NL=fr_FR
Command-line arguments:  -clean -nl fr_FR -configuration /home/margauxschmied/Documents/Advanced-methods-PPC-PL1/.metadata/workspace_oplrun

!ENTRY ilog.odms.ide.opllang.remote 1 0 2022-02-28 12:05:58.655
!MESSAGE Run Configuration 1 in /home/margauxschmied/opl/revision1
!SESSION 2022-02-28 12:08:51.218 -----------------------------------------------
eclipse.buildId=unknown
java.fullversion=8.0.5.41 - pxa6480sr5fp41-20190919_01(SR5 FP41)
JRE 1.8.0 Linux amd64-64-Bit Compressed References 20190911_427071 (JIT enabled, AOT enabled)
OpenJ9   - d581d49
OMR      - ca4db84
IBM      - 5cfdf9c
BootLoader constants: OS=linux, ARCH=x86_64, WS=gtk, NL=fr_FR
Command-line arguments:  -clean -nl fr_FR -configuration /home/margauxschmied/Documents/Advanced-methods-PPC-PL1/.metadata/workspace_oplrun

!ENTRY ilog.odms.ide.opllang.remote 1 0 2022-02-28 12:08:51.222
!MESSAGE Run Configuration 1 in /home/margauxschmied/opl/revision1
!SESSION 2022-02-28 12:09:45.990 -----------------------------------------------
eclipse.buildId=unknown
java.fullversion=8.0.5.41 - pxa6480sr5fp41-20190919_01(SR5 FP41)
JRE 1.8.0 Linux amd64-64-Bit Compressed References 20190911_427071 (JIT enabled, AOT enabled)
OpenJ9   - d581d49
OMR      - ca4db84
IBM      - 5cfdf9c
BootLoader constants: OS=linux, ARCH=x86_64, WS=gtk, NL=fr_FR
Command-line arguments:  -clean -nl fr_FR -configuration /home/margauxschmied/Documents/Advanced-methods-PPC-PL1/.metadata/workspace_oplrun

!ENTRY ilog.odms.ide.opllang.remote 1 0 2022-02-28 12:09:45.995
!MESSAGE Run Configuration 1 in /home/margauxschmied/opl/revision1
!SESSION 2022-02-28 12:10:19.226 -----------------------------------------------
eclipse.buildId=unknown
java.fullversion=8.0.5.41 - pxa6480sr5fp41-20190919_01(SR5 FP41)
JRE 1.8.0 Linux amd64-64-Bit Compressed References 20190911_427071 (JIT enabled, AOT enabled)
OpenJ9   - d581d49
OMR      - ca4db84
IBM      - 5cfdf9c
BootLoader constants: OS=linux, ARCH=x86_64, WS=gtk, NL=fr_FR
Command-line arguments:  -clean -nl fr_FR -configuration /home/margauxschmied/Documents/Advanced-methods-PPC-PL1/.metadata/workspace_oplrun

!ENTRY ilog.odms.ide.opllang.remote 1 0 2022-02-28 12:10:19.231
!MESSAGE Run Configuration 1 in /home/margauxschmied/opl/revision1
